Determining if the pthread_create exist failed with the following output:
Change Dir: /home/cranesoar/SLAM/slambook2_whx/ch6/build/CMakeFiles/CMakeTmp

Run Build Command:"/usr/bin/make" "cmTC_2aebc/fast"
/usr/bin/make -f CMakeFiles/cmTC_2aebc.dir/build.make CMakeFiles/cmTC_2aebc.dir/build
make[1]: Entering directory '/home/cranesoar/SLAM/slambook2_whx/ch6/build/CMakeFiles/CMakeTmp'
Building C object CMakeFiles/cmTC_2aebc.dir/CheckSymbolExists.c.o
/usr/bin/gcc-7    -o CMakeFiles/cmTC_2aebc.dir/CheckSymbolExists.c.o   -c /home/cranesoar/SLAM/slambook2_whx/ch6/build/CMakeFiles/CMakeTmp/CheckSymbolExists.c
Linking C executable cmTC_2aebc
/usr/bin/cmake -E cmake_link_script CMakeFiles/cmTC_2aebc.dir/link.txt --verbose=1
/usr/bin/gcc-7      -rdynamic CMakeFiles/cmTC_2aebc.dir/CheckSymbolExists.c.o  -o cmTC_2aebc 
CMakeFiles/cmTC_2aebc.dir/CheckSymbolExists.c.o: In function `main':
CheckSymbolExists.c:(.text+0x1b): undefined reference to `pthread_create'
collect2: error: ld returned 1 exit status
CMakeFiles/cmTC_2aebc.dir/build.make:97: recipe for target 'cmTC_2aebc' failed
make[1]: *** [cmTC_2aebc] Error 1
make[1]: Leaving directory '/home/cranesoar/SLAM/slambook2_whx/ch6/build/CMakeFiles/CMakeTmp'
Makefile:126: recipe for target 'cmTC_2aebc/fast' failed
make: *** [cmTC_2aebc/fast] Error 2

File /home/cranesoar/SLAM/slambook2_whx/ch6/build/CMakeFiles/CMakeTmp/CheckSymbolExists.c:
/* */
#include <pthread.h>

int main(int argc, char** argv)
{
  (void)argv;
#ifndef pthread_create
  return ((int*)(&pthread_create))[argc];
#else
  (void)argc;
  return 0;
#endif
}

Determining if the function pthread_create exists in the pthreads failed with the following output:
Change Dir: /home/cranesoar/SLAM/slambook2_whx/ch6/build/CMakeFiles/CMakeTmp

Run Build Command:"/usr/bin/make" "cmTC_c2b00/fast"
/usr/bin/make -f CMakeFiles/cmTC_c2b00.dir/build.make CMakeFiles/cmTC_c2b00.dir/build
make[1]: Entering directory '/home/cranesoar/SLAM/slambook2_whx/ch6/build/CMakeFiles/CMakeTmp'
Building C object CMakeFiles/cmTC_c2b00.dir/CheckFunctionExists.c.o
/usr/bin/gcc-7   -DCHECK_FUNCTION_EXISTS=pthread_create   -o CMakeFiles/cmTC_c2b00.dir/CheckFunctionExists.c.o   -c /usr/share/cmake-3.10/Modules/CheckFunctionExists.c
Linking C executable cmTC_c2b00
/usr/bin/cmake -E cmake_link_script CMakeFiles/cmTC_c2b00.dir/link.txt --verbose=1
/usr/bin/gcc-7  -DCHECK_FUNCTION_EXISTS=pthread_create    -rdynamic CMakeFiles/cmTC_c2b00.dir/CheckFunctionExists.c.o  -o cmTC_c2b00 -lpthreads 
/usr/bin/ld: cannot find -lpthreads
collect2: error: ld returned 1 exit status
CMakeFiles/cmTC_c2b00.dir/build.make:97: recipe for target 'cmTC_c2b00' failed
make[1]: *** [cmTC_c2b00] Error 1
make[1]: Leaving directory '/home/cranesoar/SLAM/slambook2_whx/ch6/build/CMakeFiles/CMakeTmp'
Makefile:126: recipe for target 'cmTC_c2b00/fast' failed
make: *** [cmTC_c2b00/fast] Error 2


